<?xml version="1.0" encoding="UTF-8"?>
<testsuite name="ru.akudinov.test.RestApplicationTests" time="2.433" tests="4" errors="1" skipped="0" failures="0">
  <properties>
    <property name="idea.version" value="2016.2.4"/>
    <property name="java.runtime.name" value="Java(TM) SE Runtime Environment"/>
    <property name="sun.boot.library.path" value="/usr/lib/jvm/java-8-oracle/jre/lib/amd64"/>
    <property name="java.vm.version" value="25.101-b13"/>
    <property name="java.vm.vendor" value="Oracle Corporation"/>
    <property name="java.vendor.url" value="http://java.oracle.com/"/>
    <property name="path.separator" value=":"/>
    <property name="guice.disable.misplaced.annotation.check" value="true"/>
    <property name="java.vm.name" value="Java HotSpot(TM) 64-Bit Server VM"/>
    <property name="file.encoding.pkg" value="sun.io"/>
    <property name="idea.launcher.port" value="7536"/>
    <property name="user.country" value="US"/>
    <property name="sun.java.launcher" value="SUN_STANDARD"/>
    <property name="sun.os.patch.level" value="unknown"/>
    <property name="java.vm.specification.name" value="Java Virtual Machine Specification"/>
    <property name="user.dir" value="/home/akudinov/projects/test/test-task-rest"/>
    <property name="java.runtime.version" value="1.8.0_101-b13"/>
    <property name="java.awt.graphicsenv" value="sun.awt.X11GraphicsEnvironment"/>
    <property name="java.endorsed.dirs" value="/usr/lib/jvm/java-8-oracle/jre/lib/endorsed"/>
    <property name="os.arch" value="amd64"/>
    <property name="java.io.tmpdir" value="/tmp"/>
    <property name="line.separator" value="&#10;"/>
    <property name="java.vm.specification.vendor" value="Oracle Corporation"/>
    <property name="os.name" value="Linux"/>
    <property name="classworlds.conf" value="/home/akudinov/tools/idea-IU-162.2032.8/plugins/maven/lib/maven3/bin/m2.conf"/>
    <property name="sun.jnu.encoding" value="UTF-8"/>
    <property name="java.library.path" value="/home/akudinov/tools/idea-IU-162.2032.8/bin::/usr/java/packages/lib/amd64:/usr/lib64:/lib64:/lib:/usr/lib"/>
    <property name="java.specification.name" value="Java Platform API Specification"/>
    <property name="java.class.version" value="52.0"/>
    <property name="sun.management.compiler" value="HotSpot 64-Bit Tiered Compilers"/>
    <property name="os.version" value="4.4.0-38-generic"/>
    <property name="user.home" value="/home/akudinov"/>
    <property name="user.timezone" value="Europe/Moscow"/>
    <property name="java.awt.printerjob" value="sun.print.PSPrinterJob"/>
    <property name="java.specification.version" value="1.8"/>
    <property name="idea.launcher.bin.path" value="/home/akudinov/tools/idea-IU-162.2032.8/bin"/>
    <property name="file.encoding" value="UTF-8"/>
    <property name="user.name" value="akudinov"/>
    <property name="java.class.path" value="/home/akudinov/tools/idea-IU-162.2032.8/plugins/maven/lib/maven3/boot/plexus-classworlds-2.4.jar:/home/akudinov/tools/idea-IU-162.2032.8/lib/idea_rt.jar"/>
    <property name="java.vm.specification.version" value="1.8"/>
    <property name="sun.arch.data.model" value="64"/>
    <property name="java.home" value="/usr/lib/jvm/java-8-oracle/jre"/>
    <property name="sun.java.command" value="com.intellij.rt.execution.application.AppMain org.codehaus.classworlds.Launcher -Didea.version=2016.2.4 clean install"/>
    <property name="java.specification.vendor" value="Oracle Corporation"/>
    <property name="user.language" value="en"/>
    <property name="awt.toolkit" value="sun.awt.X11.XToolkit"/>
    <property name="java.vm.info" value="mixed mode"/>
    <property name="java.version" value="1.8.0_101"/>
    <property name="java.ext.dirs" value="/usr/lib/jvm/java-8-oracle/jre/lib/ext:/usr/java/packages/lib/ext"/>
    <property name="securerandom.source" value="file:/dev/./urandom"/>
    <property name="sun.boot.class.path" value="/usr/lib/jvm/java-8-oracle/jre/lib/resources.jar:/usr/lib/jvm/java-8-oracle/jre/lib/rt.jar:/usr/lib/jvm/java-8-oracle/jre/lib/sunrsasign.jar:/usr/lib/jvm/java-8-oracle/jre/lib/jsse.jar:/usr/lib/jvm/java-8-oracle/jre/lib/jce.jar:/usr/lib/jvm/java-8-oracle/jre/lib/charsets.jar:/usr/lib/jvm/java-8-oracle/jre/lib/jfr.jar:/usr/lib/jvm/java-8-oracle/jre/classes"/>
    <property name="java.vendor" value="Oracle Corporation"/>
    <property name="maven.home" value="/home/akudinov/tools/idea-IU-162.2032.8/plugins/maven/lib/maven3"/>
    <property name="file.separator" value="/"/>
    <property name="java.vendor.url.bug" value="http://bugreport.sun.com/bugreport/"/>
    <property name="sun.cpu.endian" value="little"/>
    <property name="sun.io.unicode.encoding" value="UnicodeLittle"/>
    <property name="sun.cpu.isalist" value=""/>
  </properties>
  <testcase name="testApply" classname="ru.akudinov.test.RestApplicationTests" time="1.145"/>
  <testcase name="testList" classname="ru.akudinov.test.RestApplicationTests" time="0.632"/>
  <testcase name="testListByPersonId" classname="ru.akudinov.test.RestApplicationTests" time="0.495">
    <error type="java.lang.NullPointerException:">java.lang.NullPointerException: null
	at ru.akudinov.test.RestApplicationTests.testListByPersonId(RestApplicationTests.java:72)
</error>
    <system-out><![CDATA[2016-10-04 06:10:07.473  INFO 618 --- [o-auto-1-exec-3] ru.akudinov.test.LoanEndpoint            : Take country : LV
2016-10-04 06:10:07.486  INFO 618 --- [           main] ru.akudinov.test.RestApplicationTests    : Applying loan: <200 OK,Loan(id=5, amount=100, term=10, personalId=11, name=Ivan, surname=Ivanov1),{Content-Type=[application/json], Content-Length=[81], Date=[Tue, 04 Oct 2016 03:10:06 GMT]}>
2016-10-04 06:10:07.645  INFO 618 --- [o-auto-1-exec-4] ru.akudinov.test.LoanEndpoint            : Take country : LV
2016-10-04 06:10:07.649  INFO 618 --- [           main] ru.akudinov.test.RestApplicationTests    : Applying loan: <200 OK,Loan(id=6, amount=200, term=10, personalId=12, name=Ivan, surname=Ivanov2),{Content-Type=[application/json], Content-Length=[81], Date=[Tue, 04 Oct 2016 03:10:06 GMT]}>
2016-10-04 06:10:07.790  INFO 618 --- [o-auto-1-exec-5] ru.akudinov.test.LoanEndpoint            : Take country : LV
2016-10-04 06:10:07.795  INFO 618 --- [           main] ru.akudinov.test.RestApplicationTests    : Applying loan: <200 OK,Loan(id=7, amount=300, term=10, personalId=13, name=Ivan, surname=Ivanov3),{Content-Type=[application/json], Content-Length=[81], Date=[Tue, 04 Oct 2016 03:10:07 GMT]}>
]]></system-out>
  </testcase>
  <testcase name="testRejectedApplyByBlockedUser" classname="ru.akudinov.test.RestApplicationTests" time="0.161"/>
</testsuite>